ZB0420/proguard/seeds.txt
com.ivpoints.mobile.ui.my.MySettingSignActivity
com.ivpoints.mobile.ui.my.MySettingSignActivity: MySettingSignActivity()
com.ivpoints.mobile.ui.my.MySettingSignActivity: void onclick(android.view.View)
com.ivpoints.mobile.ui.search.SearchActivity
com.ivpoints.mobile.ui.search.SearchActivity: SearchActivity()
com.ivpoints.mobile.ui.search.SearchResultListingActivity
com.ivpoints.mobile.ui.search.SearchResultListingActivity: SearchResultListingActivity()
com.ivpoints.mobile.ui.search.SearchResultListingActivity: void retryAgain(android.view.View)
com.ivpoints.mobile.ui.setting.AboutUsActivity
com.ivpoints.mobile.ui.setting.AboutUsActivity: AboutUsActivity()
com.ivpoints.mobile.ui.setting.FeedbackActivity
com.ivpoints.mobile.ui.setting.FeedbackActivity: FeedbackActivity()
com.ivpoints.mobile.ui.setting.FeedbackActivity: void onclick(android.view.View)
com.ivpoints.mobile.ui.setting.FeedbackActivity: void retryAgain(android.view.View)
com.ivpoints.mobile.ui.setting.NewbieHelpActivity
com.ivpoints.mobile.ui.setting.NewbieHelpActivity: NewbieHelpActivity()
com.ivpoints.mobile.utils.view.AdGallery
com.ivpoints.mobile.utils.view.AdGallery: AdGallery(android.content.Context,android.util.AttributeSet)
com.ivpoints.mobile.utils.view.DashedLineHorizontal
com.ivpoints.mobile.utils.view.DashedLineHorizontal: DashedLineHorizontal(android.content.Context,android.util.AttributeSet)
com.ivpoints.mobile.utils.view.DashedLineVertical
com.ivpoints.mobile.utils.view.DashedLineVertical: DashedLineVertical(android.content.Context,android.util.AttributeSet)
com.ivpoints.mobile.utils.view.ImageViewHome
com.ivpoints.mobile.utils.view.ImageViewHome: ImageViewHome(android.content.Context,android.util.AttributeSet,int)
com.ivpoints.mobile.utils.view.ImageViewHome: ImageViewHome(android.content.Context,android.util.AttributeSet)
com.ivpoints.mobile.utils.view.ImageViewHome: ImageViewHome(android.content.Context)
com.ivpoints.mobile.utils.view.ImageViewHome: int getMaxDepth()
com.ivpoints.mobile.utils.view.ImageViewHome: void setMaxDepth(int)
com.ivpoints.mobile.utils.view.ImageViewHome: int getMaxRotateDegree()
com.ivpoints.mobile.utils.view.ImageViewHome: void setMaxRotateDegree(int)
com.ivpoints.mobile.utils.view.ImageViewHome$SavedState
com.ivpoints.mobile.utils.view.ImageViewHome$SavedState: android.os.Parcelable$Creator CREATOR
com.ivpoints.mobile.utils.view.LoadingView
com.ivpoints.mobile.utils.view.LoadingView: LoadingView(android.content.Context)
com.ivpoints.mobile.utils.view.LoadingView: LoadingView(android.content.Context,android.util.AttributeSet)
com.ivpoints.mobile.utils.view.LoadingView: com.ivpoints.mobile.utils.view.LoadingView$LoadEvent getLoadEvent()
com.ivpoints.mobile.utils.view.LoadingView: void setLoadEvent(com.ivpoints.mobile.utils.view.LoadingView$LoadEvent)
com.ivpoints.mobile.utils.view.LoadingView: void setLoadHiteText(java.lang.String)
com.ivpoints.mobile.utils.view.MyImageView: void setOnClickIntent(com.ivpoints.mobile.utils.view.MyImageView$OnViewClick)
com.ivpoints.mobile.utils.view.MyImageView: int getDegree()
com.ivpoints.mobile.utils.view.MyImageView: void setDegree(int)
com.ivpoints.mobile.utils.view.MyImageView: float getScale()
com.ivpoints.mobile.utils.view.MyImageView: void setScale(float)
com.ivpoints.mobile.utils.view.MyLetterListView
com.ivpoints.mobile.utils.view.MyLetterListView: MyLetterListView(android.content.Context,android.util.AttributeSet,int)
com.ivpoints.mobile.utils.view.MyLetterListView: MyLetterListView(android.content.Context,android.util.AttributeSet)
com.ivpoints.mobile.utils.view.MyLetterListView: MyLetterListView(android.content.Context)
com.ivpoints.mobile.utils.view.MyLetterListView: void setOnTouchingLetterChangedListener(com.ivpoints.mobile.utils.view.MyLetterListView$OnTouchingLetterChangedListener)
com.ivpoints.mobile.utils.view.WelcomeView: void setImageIds(int[])