ZB0420/proguard/mapping.txt
com.google.zxing.oned.EANManufacturerOrgSupport -> com.b.a.c.k:
    java.util.Vector ranges -> a
    java.util.Vector countryIdentifiers -> b
    java.lang.String lookupCountryIdentifier(java.lang.String) -> a
    void add(int[],java.lang.String) -> a
    void initIfNeeded() -> a
com.google.zxing.oned.ITFReader -> com.b.a.c.l:
    int[] DEFAULT_ALLOWED_LENGTHS -> b
    int narrowLineWidth -> c
    int[] START_PATTERN -> d
    int[] END_PATTERN_REVERSED -> e
    int[][] PATTERNS -> a
    com.google.zxing.Result decodeRow(int,com.google.zxing.common.BitArray,java.util.Hashtable) -> a
    void decodeMiddle(com.google.zxing.common.BitArray,int,int,java.lang.StringBuffer) -> a
    int[] decodeStart(com.google.zxing.common.BitArray) -> a
    void validateQuietZone(com.google.zxing.common.BitArray,int) -> a
    int skipWhiteSpace(com.google.zxing.common.BitArray) -> c
    int[] decodeEnd(com.google.zxing.common.BitArray) -> b
    int[] findGuardPattern(com.google.zxing.common.BitArray,int,int[]) -> c
    int decodeDigit(int[]) -> a
com.google.zxing.oned.ITFWriter -> com.b.a.c.m:
    com.google.zxing.common.BitMatrix encode(java.lang.String,com.google.zxing.BarcodeFormat,int,int,java.util.Hashtable) -> a
    byte[] encode(java.lang.String) -> a
com.google.zxing.oned.MultiFormatOneDReader -> com.b.a.c.n:
    java.util.Vector readers -> a
    com.google.zxing.Result decodeRow(int,com.google.zxing.common.BitArray,java.util.Hashtable) -> a
    void reset() -> a
com.google.zxing.oned.MultiFormatUPCEANReader -> com.b.a.c.o:
    java.util.Vector readers -> a
    com.google.zxing.Result decodeRow(int,com.google.zxing.common.BitArray,java.util.Hashtable) -> a
    void reset() -> a
com.google.zxing.oned.OneDReader -> com.b.a.c.p:
    com.google.zxing.Result decode(com.google.zxing.BinaryBitmap,java.util.Hashtable) -> a
    void reset() -> a
    com.google.zxing.Result doDecode(com.google.zxing.BinaryBitmap,java.util.Hashtable) -> b
    void recordPattern(com.google.zxing.common.BitArray,int,int[]) -> a
    void recordPatternInReverse(com.google.zxing.common.BitArray,int,int[]) -> b
    int patternMatchVariance(int[],int[],int) -> a
    com.google.zxing.Result decodeRow(int,com.google.zxing.common.BitArray,java.util.Hashtable) -> a
com.google.zxing.oned.UPCAReader -> com.b.a.c.q:
    com.google.zxing.oned.UPCEANReader ean13Reader -> a
    com.google.zxing.Result decodeRow(int,com.google.zxing.common.BitArray,int[],java.util.Hashtable) -> a
    com.google.zxing.Result decodeRow(int,com.google.zxing.common.BitArray,java.util.Hashtable) -> a
    com.google.zxing.Result decode(com.google.zxing.BinaryBitmap,java.util.Hashtable) -> a
    com.google.zxing.BarcodeFormat getBarcodeFormat() -> b
    int decodeMiddle(com.google.zxing.common.BitArray,int[],java.lang.StringBuffer) -> a
    com.google.zxing.Result maybeReturnResult(com.google.zxing.Result) -> a
com.google.zxing.oned.UPCEANExtensionSupport -> com.b.a.c.r:
    int[] EXTENSION_START_PATTERN -> a
    int[] CHECK_DIGIT_ENCODINGS -> b
    int[] decodeMiddleCounters -> c
    java.lang.StringBuffer decodeRowStringBuffer -> d
    com.google.zxing.Result decodeRow(int,com.google.zxing.common.BitArray,int) -> a
    int decodeMiddle(com.google.zxing.common.BitArray,int[],java.lang.StringBuffer) -> a
    int extensionChecksum(java.lang.String) -> a
    int determineCheckDigit(int) -> a
    java.util.Hashtable parseExtensionString(java.lang.String) -> b
    java.lang.Integer parseExtension2String(java.lang.String) -> c
    java.lang.String parseExtension5String(java.lang.String) -> d